  [4;36;1mSQL (0.2ms)[0m   [0;1m SELECT name
 FROM sqlite_master
 WHERE type = 'table' AND NOT name = 'sqlite_sequence'
[0m
  [4;35;1mSQL (0.1ms)[0m   [0mselect sqlite_version(*)[0m
  [4;36;1mSQL (2.4ms)[0m   [0;1mCREATE TABLE "schema_migrations" ("version" varchar(255) NOT NULL) [0m
  [4;35;1mSQL (0.8ms)[0m   [0mCREATE UNIQUE INDEX "unique_schema_migrations" ON "schema_migrations" ("version")[0m
  [4;36;1mSQL (0.1ms)[0m   [0;1m SELECT name
 FROM sqlite_master
 WHERE type = 'table' AND NOT name = 'sqlite_sequence'
[0m
  [4;35;1mSQL (0.1ms)[0m   [0mSELECT version FROM schema_migrations[0m
Migrating to CreateUsers (20100420125521)
  [4;36;1mSQL (0.3ms)[0m   [0;1mCREATE TABLE "users" ("id" INTEGER PRIMARY KEY AUTOINCREMENT NOT NULL, "name" varchar(255), "age" integer, "created_at" datetime, "updated_at" datetime) [0m
  [4;35;1mSQL (0.1ms)[0m   [0mINSERT INTO schema_migrations (version) VALUES ('20100420125521')[0m
Migrating to CreateGames (20100420130108)
  [4;36;1mSQL (0.3ms)[0m   [0;1mCREATE TABLE "games" ("id" INTEGER PRIMARY KEY AUTOINCREMENT NOT NULL, "name" varchar(255), "min_players" integer, "max_players" integer, "average_hours" float, "created_at" datetime, "updated_at" datetime) [0m
  [4;35;1mSQL (0.1ms)[0m   [0mINSERT INTO schema_migrations (version) VALUES ('20100420130108')[0m
Migrating to CreateReviews (20100420130223)
  [4;36;1mSQL (0.3ms)[0m   [0;1mCREATE TABLE "reviews" ("id" INTEGER PRIMARY KEY AUTOINCREMENT NOT NULL, "user_id" integer, "game_id" integer, "stars" integer, "comments" text, "created_at" datetime, "updated_at" datetime) [0m
  [4;35;1mSQL (0.1ms)[0m   [0mINSERT INTO schema_migrations (version) VALUES ('20100420130223')[0m
  [4;36;1mSQL (0.2ms)[0m   [0;1m SELECT name
 FROM sqlite_master
 WHERE type = 'table' AND NOT name = 'sqlite_sequence'
[0m
  [4;35;1mSQL (0.1ms)[0m   [0mSELECT version FROM schema_migrations[0m
  [4;36;1mSQL (0.2ms)[0m   [0;1m SELECT name
 FROM sqlite_master
 WHERE type = 'table' AND NOT name = 'sqlite_sequence'
[0m
  [4;35;1mSQL (0.0ms)[0m   [0mPRAGMA index_list("games")[0m
  [4;36;1mSQL (0.0ms)[0m   [0;1mPRAGMA index_list("reviews")[0m
  [4;35;1mSQL (0.0ms)[0m   [0mPRAGMA index_list("users")[0m


Processing UsersController#index (for 127.0.0.1 at 2010-04-20 09:11:46) [GET]
  [4;36;1mUser Load (0.4ms)[0m   [0;1mSELECT * FROM "users" [0m
Rendering template within layouts/users
Rendering users/index
Completed in 27ms (View: 24, DB: 0) | 200 OK [http://localhost/users]


Processing UsersController#new (for 127.0.0.1 at 2010-04-20 09:11:48) [GET]
Rendering template within layouts/users
Rendering users/new
Completed in 11ms (View: 7, DB: 0) | 200 OK [http://localhost/users/new]


Processing UsersController#create (for 127.0.0.1 at 2010-04-20 09:11:56) [POST]
  Parameters: {"commit"=>"Create", "authenticity_token"=>"tJ9pDwoSnjkmmohcDKt79Y6OAnDOL5pyI1tQIHBRq7s=", "user"=>{"name"=>"Glenn Vanderburg", "age"=>"22"}}
  [4;35;1mUser Create (1.5ms)[0m   [0mINSERT INTO "users" ("name", "created_at", "updated_at", "age") VALUES('Glenn Vanderburg', '2010-04-20 13:11:56', '2010-04-20 13:11:56', 22)[0m
Redirected to http://localhost:3001/users/1
Completed in 13ms (DB: 1) | 302 Found [http://localhost/users]


Processing UsersController#show (for 127.0.0.1 at 2010-04-20 09:11:56) [GET]
  Parameters: {"id"=>"1"}
  [4;36;1mUser Load (0.2ms)[0m   [0;1mSELECT * FROM "users" WHERE ("users"."id" = 1) [0m
Rendering template within layouts/users
Rendering users/show
Completed in 69ms (View: 65, DB: 0) | 200 OK [http://localhost/users/1]


Processing UsersController#edit (for 127.0.0.1 at 2010-04-20 09:11:58) [GET]
  Parameters: {"id"=>"1"}
  [4;35;1mUser Load (0.2ms)[0m   [0mSELECT * FROM "users" WHERE ("users"."id" = 1) [0m
Rendering template within layouts/users
Rendering users/edit
Completed in 11ms (View: 7, DB: 0) | 200 OK [http://localhost/users/1/edit]


Processing UsersController#index (for 127.0.0.1 at 2010-04-20 09:12:17) [GET]
  [4;36;1mUser Load (0.4ms)[0m   [0;1mSELECT * FROM "users" [0m
Rendering template within layouts/users
Rendering users/index
Completed in 8ms (View: 5, DB: 0) | 200 OK [http://localhost/users]


Processing UsersController#new (for 127.0.0.1 at 2010-04-20 09:12:18) [GET]
Rendering template within layouts/users
Rendering users/new
Completed in 7ms (View: 4, DB: 0) | 200 OK [http://localhost/users/new]


Processing UsersController#create (for 127.0.0.1 at 2010-04-20 09:12:25) [POST]
  Parameters: {"commit"=>"Create", "authenticity_token"=>"tJ9pDwoSnjkmmohcDKt79Y6OAnDOL5pyI1tQIHBRq7s=", "user"=>{"name"=>"Dave Fogel", "age"=>"23"}}
  [4;35;1mUser Create (0.3ms)[0m   [0mINSERT INTO "users" ("name", "created_at", "updated_at", "age") VALUES('Dave Fogel', '2010-04-20 13:12:25', '2010-04-20 13:12:25', 23)[0m
Redirected to http://localhost:3001/users/2
Completed in 8ms (DB: 0) | 302 Found [http://localhost/users]


Processing UsersController#show (for 127.0.0.1 at 2010-04-20 09:12:25) [GET]
  Parameters: {"id"=>"2"}
  [4;36;1mUser Load (0.2ms)[0m   [0;1mSELECT * FROM "users" WHERE ("users"."id" = 2) [0m
Rendering template within layouts/users
Rendering users/show
Completed in 6ms (View: 2, DB: 0) | 200 OK [http://localhost/users/2]


Processing UsersController#index (for 127.0.0.1 at 2010-04-20 09:12:27) [GET]
  [4;35;1mUser Load (0.5ms)[0m   [0mSELECT * FROM "users" [0m
Rendering template within layouts/users
Rendering users/index
Completed in 10ms (View: 6, DB: 0) | 200 OK [http://localhost/users]


Processing GamesController#index (for 127.0.0.1 at 2010-04-20 09:12:32) [GET]
  [4;36;1mGame Load (0.3ms)[0m   [0;1mSELECT * FROM "games" [0m
Rendering template within layouts/games
Rendering games/index
Completed in 12ms (View: 8, DB: 0) | 200 OK [http://localhost/games]


Processing GamesController#new (for 127.0.0.1 at 2010-04-20 09:12:34) [GET]
Rendering template within layouts/games
Rendering games/new
Completed in 11ms (View: 7, DB: 0) | 200 OK [http://localhost/games/new]


Processing GamesController#create (for 127.0.0.1 at 2010-04-20 09:12:48) [POST]
  Parameters: {"game"=>{"name"=>"Diamant", "max_players"=>"6", "average_hours"=>"0.75", "min_players"=>"3"}, "commit"=>"Create", "authenticity_token"=>"tJ9pDwoSnjkmmohcDKt79Y6OAnDOL5pyI1tQIHBRq7s="}
  [4;35;1mGame Create (0.6ms)[0m   [0mINSERT INTO "games" ("name", "created_at", "max_players", "updated_at", "average_hours", "min_players") VALUES('Diamant', '2010-04-20 13:12:48', 6, '2010-04-20 13:12:48', 0.75, 3)[0m
Redirected to http://localhost:3001/games/1
Completed in 13ms (DB: 1) | 302 Found [http://localhost/games]


Processing GamesController#show (for 127.0.0.1 at 2010-04-20 09:12:48) [GET]
  Parameters: {"id"=>"1"}
  [4;36;1mGame Load (0.2ms)[0m   [0;1mSELECT * FROM "games" WHERE ("games"."id" = 1) [0m
Rendering template within layouts/games
Rendering games/show
Completed in 9ms (View: 5, DB: 0) | 200 OK [http://localhost/games/1]


Processing GamesController#index (for 127.0.0.1 at 2010-04-20 09:12:50) [GET]
  [4;35;1mGame Load (0.4ms)[0m   [0mSELECT * FROM "games" [0m
Rendering template within layouts/games
Rendering games/index
Completed in 8ms (View: 5, DB: 0) | 200 OK [http://localhost/games]


Processing GamesController#new (for 127.0.0.1 at 2010-04-20 09:12:52) [GET]
Rendering template within layouts/games
Rendering games/new
Completed in 8ms (View: 4, DB: 0) | 200 OK [http://localhost/games/new]


Processing GamesController#create (for 127.0.0.1 at 2010-04-20 09:13:11) [POST]
  Parameters: {"game"=>{"name"=>"Cash and Guns", "max_players"=>"6", "average_hours"=>"1", "min_players"=>"4"}, "commit"=>"Create", "authenticity_token"=>"tJ9pDwoSnjkmmohcDKt79Y6OAnDOL5pyI1tQIHBRq7s="}
  [4;36;1mGame Create (0.3ms)[0m   [0;1mINSERT INTO "games" ("name", "created_at", "max_players", "updated_at", "average_hours", "min_players") VALUES('Cash and Guns', '2010-04-20 13:13:11', 6, '2010-04-20 13:13:11', 1.0, 4)[0m
Redirected to http://localhost:3001/games/2
Completed in 14ms (DB: 0) | 302 Found [http://localhost/games]


Processing GamesController#show (for 127.0.0.1 at 2010-04-20 09:13:11) [GET]
  Parameters: {"id"=>"2"}
  [4;35;1mGame Load (0.2ms)[0m   [0mSELECT * FROM "games" WHERE ("games"."id" = 2) [0m
Rendering template within layouts/games
Rendering games/show
Completed in 6ms (View: 2, DB: 0) | 200 OK [http://localhost/games/2]


Processing GamesController#index (for 127.0.0.1 at 2010-04-20 09:13:13) [GET]
  [4;36;1mGame Load (0.5ms)[0m   [0;1mSELECT * FROM "games" [0m
Rendering template within layouts/games
Rendering games/index
Completed in 10ms (View: 6, DB: 0) | 200 OK [http://localhost/games]


Processing GamesController#new (for 127.0.0.1 at 2010-04-20 09:13:14) [GET]
Rendering template within layouts/games
Rendering games/new
Completed in 8ms (View: 4, DB: 0) | 200 OK [http://localhost/games/new]


Processing GamesController#create (for 127.0.0.1 at 2010-04-20 09:13:30) [POST]
  Parameters: {"game"=>{"name"=>"Settlers of Catan", "max_players"=>"6", "average_hours"=>"2", "min_players"=>"2"}, "commit"=>"Create", "authenticity_token"=>"tJ9pDwoSnjkmmohcDKt79Y6OAnDOL5pyI1tQIHBRq7s="}
  [4;35;1mGame Create (0.6ms)[0m   [0mINSERT INTO "games" ("name", "created_at", "max_players", "updated_at", "average_hours", "min_players") VALUES('Settlers of Catan', '2010-04-20 13:13:30', 6, '2010-04-20 13:13:30', 2.0, 2)[0m
Redirected to http://localhost:3001/games/3
Completed in 9ms (DB: 1) | 302 Found [http://localhost/games]


Processing GamesController#show (for 127.0.0.1 at 2010-04-20 09:13:30) [GET]
  Parameters: {"id"=>"3"}
  [4;36;1mGame Load (0.2ms)[0m   [0;1mSELECT * FROM "games" WHERE ("games"."id" = 3) [0m
Rendering template within layouts/games
Rendering games/show
Completed in 6ms (View: 2, DB: 0) | 200 OK [http://localhost/games/3]


Processing GamesController#index (for 127.0.0.1 at 2010-04-20 09:13:31) [GET]
  [4;35;1mGame Load (0.6ms)[0m   [0mSELECT * FROM "games" [0m
Rendering template within layouts/games
Rendering games/index
Completed in 12ms (View: 8, DB: 1) | 200 OK [http://localhost/games]


Processing ReviewsController#index (for 127.0.0.1 at 2010-04-20 09:13:44) [GET]
  [4;36;1mReview Load (0.3ms)[0m   [0;1mSELECT * FROM "reviews" [0m
Rendering template within layouts/reviews
Rendering reviews/index
Completed in 11ms (View: 8, DB: 0) | 200 OK [http://localhost/reviews]


Processing ReviewsController#new (for 127.0.0.1 at 2010-04-20 09:13:45) [GET]
Rendering template within layouts/reviews
Rendering reviews/new
Completed in 12ms (View: 8, DB: 0) | 200 OK [http://localhost/reviews/new]
